{"source": "firewall", "timestamp": "2025-12-05T11:33:47.867762", "raw_data": {"timestamp": "2025-12-05T11:33:47.867762", "action": "BLOCK", "src_ip": "10.0.0.166", "dst_ip": "172.16.1.159", "src_port": 46644, "dst_port": 139, "protocol": "TCP", "bytes": 270}}
{"source": "firewall", "timestamp": "2025-12-05T11:33:49.486949", "raw_data": {"timestamp": "2025-12-05T11:33:49.486949", "action": "ALLOW", "src_ip": "10.0.0.28", "dst_ip": "192.168.1.108", "src_port": 65009, "dst_port": 443, "protocol": "TCP", "bytes": 1369}}
{"source": "windows_security", "timestamp": "2025-12-05T11:33:51.398646", "raw_data": {"EventID": 4688, "Computer": "WS-FINANCE-03", "TimeGenerated": "2025-12-05T11:33:51.398646", "Level": "Error", "Source": "Microsoft-Windows-Security-Auditing", "ProcessName": "cmd.exe", "CommandLine": "C:\\Windows\\System32\\cmd.exe"}}
{"source": "windows_security", "timestamp": "2025-12-05T11:33:53.443010", "raw_data": {"EventID": 4624, "Computer": "SRV-WEB-01", "TimeGenerated": "2025-12-05T11:33:53.443010", "Level": "Warning", "Source": "Microsoft-Windows-Security-Auditing", "LogonType": 2, "TargetUserName": "admin", "IpAddress": "172.16.1.155"}}
{"source": "windows_security", "timestamp": "2025-12-05T11:33:54.426825", "raw_data": {"EventID": 4624, "Computer": "WS-FINANCE-03", "TimeGenerated": "2025-12-05T11:33:54.426825", "Level": "Error", "Source": "Microsoft-Windows-Security-Auditing", "LogonType": 3, "TargetUserName": "admin", "IpAddress": "192.168.1.58"}}
{"source": "windows_security", "timestamp": "2025-12-05T11:33:56.892897", "raw_data": {"EventID": 4688, "Computer": "SRV-DB-01", "TimeGenerated": "2025-12-05T11:33:56.892897", "Level": "Warning", "Source": "Microsoft-Windows-Security-Auditing", "ProcessName": "powershell.exe", "CommandLine": "C:\\Windows\\System32\\powershell.exe"}}
{"source": "firewall", "timestamp": "2025-12-05T11:33:58.073074", "raw_data": {"timestamp": "2025-12-05T11:33:58.073074", "action": "BLOCK", "src_ip": "10.0.0.144", "dst_ip": "192.168.1.223", "src_port": 30402, "dst_port": 445, "protocol": "TCP", "bytes": 332}}
{"source": "antivirus", "timestamp": "2025-12-05T11:34:00.416411", "raw_data": {"timestamp": "2025-12-05T11:34:00.416411", "event_type": "THREAT_DETECTED", "computer": "SRV-WEB-01", "product": "SUSDR360-AV", "threat_name": "Adware.Generic", "file_path": "C:\\Users\\john\\Downloads\\suspicious_file.exe", "action": "QUARANTINE"}}
{"source": "antivirus", "timestamp": "2025-12-05T11:34:01.839463", "raw_data": {"timestamp": "2025-12-05T11:34:01.839463", "event_type": "SCAN_COMPLETE", "computer": "WS-DEV-02", "product": "SUSDR360-AV", "files_scanned": 5000, "threats_found": 5}}
{"source": "antivirus", "timestamp": "2025-12-05T11:34:02.549370", "raw_data": {"timestamp": "2025-12-05T11:34:02.549370", "event_type": "SCAN_COMPLETE", "computer": "SRV-WEB-01", "product": "SUSDR360-AV", "files_scanned": 5000, "threats_found": 3}}
{"source": "windows_security", "timestamp": "2025-12-05T11:34:04.863440", "raw_data": {"EventID": 4625, "Computer": "WS-FINANCE-03", "TimeGenerated": "2025-12-05T11:34:04.863440", "Level": "Information", "Source": "Microsoft-Windows-Security-Auditing", "LogonType": 3, "TargetUserName": "admin", "IpAddress": "192.168.1.75"}}
{"source": "firewall", "timestamp": "2025-12-05T11:34:07.674893", "raw_data": {"timestamp": "2025-12-05T11:34:07.674893", "action": "ALLOW", "src_ip": "192.168.1.98", "dst_ip": "10.0.0.52", "src_port": 15390, "dst_port": 80, "protocol": "UDP", "bytes": 340}}
{"source": "windows_security", "timestamp": "2025-12-05T11:34:08.478802", "raw_data": {"EventID": 4688, "Computer": "WS-FINANCE-03", "TimeGenerated": "2025-12-05T11:34:08.478802", "Level": "Information", "Source": "Microsoft-Windows-Security-Auditing", "ProcessName": "cmd.exe", "CommandLine": "C:\\Windows\\System32\\cmd.exe"}}
{"source": "firewall", "timestamp": "2025-12-05T11:34:11.054618", "raw_data": {"timestamp": "2025-12-05T11:34:11.054618", "action": "ALLOW", "src_ip": "172.16.1.220", "dst_ip": "192.168.1.207", "src_port": 63553, "dst_port": 22, "protocol": "TCP", "bytes": 745}}
{"source": "windows_security", "timestamp": "2025-12-05T11:34:13.334121", "raw_data": {"EventID": 4625, "Computer": "WS-ADMIN-01", "TimeGenerated": "2025-12-05T11:34:13.334121", "Level": "Warning", "Source": "Microsoft-Windows-Security-Auditing", "LogonType": 3, "TargetUserName": "administrator", "IpAddress": "10.0.0.181"}}
{"source": "windows_security", "timestamp": "2025-12-05T11:34:14.885364", "raw_data": {"EventID": 4625, "Computer": "WS-FINANCE-03", "TimeGenerated": "2025-12-05T11:34:14.885364", "Level": "Information", "Source": "Microsoft-Windows-Security-Auditing", "LogonType": 2, "TargetUserName": "admin", "IpAddress": "10.0.0.43"}}
{"source": "firewall", "timestamp": "2025-12-05T11:34:15.956276", "raw_data": {"timestamp": "2025-12-05T11:34:15.956276", "action": "BLOCK", "src_ip": "10.0.0.150", "dst_ip": "172.16.1.8", "src_port": 51055, "dst_port": 139, "protocol": "UDP", "bytes": 1096}}
{"source": "antivirus", "timestamp": "2025-12-05T11:34:17.385845", "raw_data": {"timestamp": "2025-12-05T11:34:17.385845", "event_type": "SCAN_COMPLETE", "computer": "SRV-WEB-01", "product": "SUSDR360-AV", "files_scanned": 5000, "threats_found": 0}}
{"source": "windows_security", "timestamp": "2025-12-05T11:34:18.525478", "raw_data": {"EventID": 4624, "Computer": "WS-DEV-02", "TimeGenerated": "2025-12-05T11:34:18.525478", "Level": "Information", "Source": "Microsoft-Windows-Security-Auditing", "LogonType": 10, "TargetUserName": "admin", "IpAddress": "10.0.0.169"}}
{"source": "windows_security", "timestamp": "2025-12-05T11:34:21.417630", "raw_data": {"EventID": 4688, "Computer": "SRV-DB-01", "TimeGenerated": "2025-12-05T11:34:21.417630", "Level": "Warning", "Source": "Microsoft-Windows-Security-Auditing", "ProcessName": "powershell.exe", "CommandLine": "C:\\Windows\\System32\\powershell.exe"}}
{"source": "windows_security", "timestamp": "2025-12-05T11:34:24.144872", "raw_data": {"EventID": 4625, "Computer": "SRV-DC-01", "LogonType": 3, "TargetUserName": "admin", "IpAddress": "10.0.0.206", "FailureReason": "Bad password", "TimeGenerated": "2025-12-05T11:34:24.144895"}}
{"source": "windows_security", "timestamp": "2025-12-05T11:34:34.144902", "raw_data": {"EventID": 4625, "Computer": "SRV-DC-01", "LogonType": 3, "TargetUserName": "admin", "IpAddress": "10.0.0.206", "FailureReason": "Bad password", "TimeGenerated": "2025-12-05T11:34:34.144906"}}
{"source": "windows_security", "timestamp": "2025-12-05T11:34:44.144909", "raw_data": {"EventID": 4625, "Computer": "SRV-DC-01", "LogonType": 3, "TargetUserName": "admin", "IpAddress": "10.0.0.206", "FailureReason": "Bad password", "TimeGenerated": "2025-12-05T11:34:44.144912"}}
{"source": "windows_security", "timestamp": "2025-12-05T11:34:54.144914", "raw_data": {"EventID": 4625, "Computer": "SRV-DC-01", "LogonType": 3, "TargetUserName": "admin", "IpAddress": "10.0.0.206", "FailureReason": "Bad password", "TimeGenerated": "2025-12-05T11:34:54.144917"}}
{"source": "windows_security", "timestamp": "2025-12-05T11:35:04.144919", "raw_data": {"EventID": 4625, "Computer": "SRV-DC-01", "LogonType": 3, "TargetUserName": "admin", "IpAddress": "10.0.0.206", "FailureReason": "Bad password", "TimeGenerated": "2025-12-05T11:35:04.144921"}}
{"source": "windows_security", "timestamp": "2025-12-05T11:34:24.147689", "raw_data": {"EventID": 4624, "Computer": "SRV-WEB-01", "TimeGenerated": "2025-12-05T11:34:24.147689", "Level": "Warning", "Source": "Microsoft-Windows-Security-Auditing", "LogonType": 3, "TargetUserName": "john.doe", "IpAddress": "192.168.1.231"}}
{"source": "firewall", "timestamp": "2025-12-05T11:34:27.000715", "raw_data": {"timestamp": "2025-12-05T11:34:27.000715", "action": "ALLOW", "src_ip": "192.168.1.71", "dst_ip": "172.16.1.206", "src_port": 6054, "dst_port": 22, "protocol": "UDP", "bytes": 779}}
{"source": "firewall", "timestamp": "2025-12-05T11:34:28.794971", "raw_data": {"timestamp": "2025-12-05T11:34:28.794971", "action": "BLOCK", "src_ip": "10.0.0.96", "dst_ip": "10.0.0.94", "src_port": 29259, "dst_port": 445, "protocol": "UDP", "bytes": 955}}
{"source": "windows_security", "timestamp": "2025-12-05T11:34:31.222517", "raw_data": {"EventID": 4688, "Computer": "SRV-DC-01", "TimeGenerated": "2025-12-05T11:34:31.222517", "Level": "Information", "Source": "Microsoft-Windows-Security-Auditing", "ProcessName": "cmd.exe", "CommandLine": "C:\\Windows\\System32\\cmd.exe"}}
{"source": "antivirus", "timestamp": "2025-12-05T11:34:32.677495", "raw_data": {"timestamp": "2025-12-05T11:34:32.677495", "event_type": "THREAT_DETECTED", "computer": "WS-ADMIN-01", "product": "SUSDR360-AV", "threat_name": "Adware.Generic", "file_path": "C:\\Users\\admin\\Downloads\\suspicious_file.exe", "action": "DELETE"}}
{"source": "windows_security", "timestamp": "2025-12-05T11:34:34.082803", "raw_data": {"EventID": 4625, "Computer": "WS-FINANCE-03", "TimeGenerated": "2025-12-05T11:34:34.082803", "Level": "Information", "Source": "Microsoft-Windows-Security-Auditing", "LogonType": 3, "TargetUserName": "test", "IpAddress": "192.168.1.102"}}
{"source": "windows_security", "timestamp": "2025-12-05T11:34:35.588178", "raw_data": {"EventID": 4688, "Computer": "SRV-DC-01", "TimeGenerated": "2025-12-05T11:34:35.588178", "Level": "Warning", "Source": "Microsoft-Windows-Security-Auditing", "ProcessName": "powershell.exe", "CommandLine": "C:\\Windows\\System32\\powershell.exe"}}
{"source": "firewall", "timestamp": "2025-12-05T11:34:38.481971", "raw_data": {"timestamp": "2025-12-05T11:34:38.481971", "action": "BLOCK", "src_ip": "172.16.1.248", "dst_ip": "192.168.1.208", "src_port": 46477, "dst_port": 135, "protocol": "TCP", "bytes": 719}}
{"source": "windows_security", "timestamp": "2025-12-05T11:34:39.495294", "raw_data": {"EventID": 4624, "Computer": "WS-DEV-02", "TimeGenerated": "2025-12-05T11:34:39.495294", "Level": "Error", "Source": "Microsoft-Windows-Security-Auditing", "LogonType": 3, "TargetUserName": "marie.kouame", "IpAddress": "10.0.0.111"}}
{"source": "firewall", "timestamp": "2025-12-05T11:34:40.251234", "raw_data": {"timestamp": "2025-12-05T11:34:40.251234", "action": "ALLOW", "src_ip": "192.168.1.139", "dst_ip": "172.16.1.71", "src_port": 46996, "dst_port": 22, "protocol": "TCP", "bytes": 1102}}
{"source": "firewall", "timestamp": "2025-12-05T11:34:41.430510", "raw_data": {"timestamp": "2025-12-05T11:34:41.430510", "action": "BLOCK", "src_ip": "172.16.1.96", "dst_ip": "192.168.1.232", "src_port": 31341, "dst_port": 1433, "protocol": "UDP", "bytes": 649}}
{"source": "antivirus", "timestamp": "2025-12-05T11:34:42.165702", "raw_data": {"timestamp": "2025-12-05T11:34:42.165702", "event_type": "THREAT_DETECTED", "computer": "WS-ADMIN-01", "product": "SUSDR360-AV", "threat_name": "Trojan.Win32.Test", "file_path": "C:\\Users\\marie\\Downloads\\suspicious_file.exe", "action": "BLOCK"}}
{"source": "windows_security", "timestamp": "2025-12-05T11:34:42.865373", "raw_data": {"EventID": 4625, "Computer": "SRV-WEB-01", "TimeGenerated": "2025-12-05T11:34:42.865373", "Level": "Error", "Source": "Microsoft-Windows-Security-Auditing", "LogonType": 2, "TargetUserName": "administrator", "IpAddress": "192.168.1.36"}}
{"source": "firewall", "timestamp": "2025-12-05T11:34:44.876658", "raw_data": {"timestamp": "2025-12-05T11:34:44.876658", "action": "ALLOW", "src_ip": "172.16.1.146", "dst_ip": "192.168.1.130", "src_port": 14482, "dst_port": 80, "protocol": "TCP", "bytes": 627}}
{"source": "firewall", "timestamp": "2025-12-05T11:34:47.477017", "raw_data": {"timestamp": "2025-12-05T11:34:47.477017", "action": "BLOCK", "src_ip": "172.16.1.15", "dst_ip": "192.168.1.36", "src_port": 51197, "dst_port": 139, "protocol": "UDP", "bytes": 868}}
{"source": "windows_security", "timestamp": "2025-12-05T11:34:48.527116", "raw_data": {"EventID": 4625, "Computer": "SRV-WEB-01", "TimeGenerated": "2025-12-05T11:34:48.527116", "Level": "Information", "Source": "Microsoft-Windows-Security-Auditing", "LogonType": 3, "TargetUserName": "root", "IpAddress": "192.168.1.39"}}
{"source": "firewall", "timestamp": "2025-12-05T11:34:51.156943", "raw_data": {"timestamp": "2025-12-05T11:34:51.156943", "action": "BLOCK", "src_ip": "172.16.1.210", "dst_ip": "192.168.1.13", "src_port": 34515, "dst_port": 139, "protocol": "UDP", "bytes": 768}}
{"source": "windows_security", "timestamp": "2025-12-05T11:34:53.685022", "raw_data": {"EventID": 4688, "Computer": "SRV-WEB-01", "TimeGenerated": "2025-12-05T11:34:53.685022", "Level": "Warning", "Source": "Microsoft-Windows-Security-Auditing", "ProcessName": "chrome.exe", "CommandLine": "C:\\Windows\\System32\\chrome.exe"}}
{"source": "firewall", "timestamp": "2025-12-05T11:34:55.336390", "raw_data": {"timestamp": "2025-12-05T11:34:55.336390", "action": "ALLOW", "src_ip": "10.0.0.21", "dst_ip": "10.0.0.67", "src_port": 62329, "dst_port": 22, "protocol": "TCP", "bytes": 182}}
{"source": "firewall", "timestamp": "2025-12-05T11:34:57.303508", "raw_data": {"timestamp": "2025-12-05T11:34:57.303508", "action": "BLOCK", "src_ip": "10.0.0.206", "dst_ip": "192.168.1.63", "src_port": 55282, "dst_port": 135, "protocol": "UDP", "bytes": 873}}
{"source": "windows_security", "timestamp": "2025-12-05T11:34:59.318122", "raw_data": {"EventID": 4625, "Computer": "SRV-DC-01", "LogonType": 3, "TargetUserName": "admin", "IpAddress": "172.16.1.69", "FailureReason": "Bad password", "TimeGenerated": "2025-12-05T11:34:59.318135"}}
{"source": "windows_security", "timestamp": "2025-12-05T11:35:09.318139", "raw_data": {"EventID": 4625, "Computer": "SRV-DC-01", "LogonType": 3, "TargetUserName": "admin", "IpAddress": "172.16.1.69", "FailureReason": "Bad password", "TimeGenerated": "2025-12-05T11:35:09.318141"}}
{"source": "windows_security", "timestamp": "2025-12-05T11:35:19.318144", "raw_data": {"EventID": 4625, "Computer": "SRV-DC-01", "LogonType": 3, "TargetUserName": "admin", "IpAddress": "172.16.1.69", "FailureReason": "Bad password", "TimeGenerated": "2025-12-05T11:35:19.318146"}}
{"source": "windows_security", "timestamp": "2025-12-05T11:35:29.318152", "raw_data": {"EventID": 4625, "Computer": "SRV-DC-01", "LogonType": 3, "TargetUserName": "admin", "IpAddress": "172.16.1.69", "FailureReason": "Bad password", "TimeGenerated": "2025-12-05T11:35:29.318154"}}
{"source": "windows_security", "timestamp": "2025-12-05T11:35:39.318156", "raw_data": {"EventID": 4625, "Computer": "SRV-DC-01", "LogonType": 3, "TargetUserName": "admin", "IpAddress": "172.16.1.69", "FailureReason": "Bad password", "TimeGenerated": "2025-12-05T11:35:39.318158"}}
{"source": "antivirus", "timestamp": "2025-12-05T11:34:59.320033", "raw_data": {"timestamp": "2025-12-05T11:34:59.320033", "event_type": "THREAT_DETECTED", "computer": "WS-DEV-02", "product": "SUSDR360-AV", "threat_name": "PUP.Optional.Test", "file_path": "C:\\Users\\admin\\Downloads\\suspicious_file.exe", "action": "BLOCK"}}
{"source": "windows_security", "timestamp": "2025-12-05T11:35:01.206435", "raw_data": {"EventID": 4624, "Computer": "SRV-DB-01", "TimeGenerated": "2025-12-05T11:35:01.206435", "Level": "Warning", "Source": "Microsoft-Windows-Security-Auditing", "LogonType": 10, "TargetUserName": "admin", "IpAddress": "10.0.0.186"}}
{"source": "windows_security", "timestamp": "2025-12-05T11:35:02.848675", "raw_data": {"EventID": 4624, "Computer": "SRV-DB-01", "TimeGenerated": "2025-12-05T11:35:02.848675", "Level": "Information", "Source": "Microsoft-Windows-Security-Auditing", "LogonType": 2, "TargetUserName": "admin", "IpAddress": "10.0.0.74"}}
{"source": "windows_security", "timestamp": "2025-12-05T11:35:03.933055", "raw_data": {"EventID": 4625, "Computer": "WS-DEV-02", "TimeGenerated": "2025-12-05T11:35:03.933055", "Level": "Information", "Source": "Microsoft-Windows-Security-Auditing", "LogonType": 2, "TargetUserName": "test", "IpAddress": "10.0.0.45"}}
{"source": "antivirus", "timestamp": "2025-12-05T11:35:06.245758", "raw_data": {"timestamp": "2025-12-05T11:35:06.245758", "event_type": "THREAT_DETECTED", "computer": "SRV-DC-01", "product": "SUSDR360-AV", "threat_name": "PUP.Optional.Test", "file_path": "C:\\Users\\john\\Downloads\\suspicious_file.exe", "action": "DELETE"}}
{"source": "firewall", "timestamp": "2025-12-05T11:35:09.061066", "raw_data": {"timestamp": "2025-12-05T11:35:09.061066", "action": "BLOCK", "src_ip": "172.16.1.54", "dst_ip": "10.0.0.65", "src_port": 12921, "dst_port": 1433, "protocol": "UDP", "bytes": 1107}}
{"source": "firewall", "timestamp": "2025-12-05T11:35:11.906841", "raw_data": {"timestamp": "2025-12-05T11:35:11.906841", "action": "BLOCK", "src_ip": "172.16.1.164", "dst_ip": "192.168.1.29", "src_port": 29224, "dst_port": 139, "protocol": "UDP", "bytes": 485}}
{"source": "firewall", "timestamp": "2025-12-05T11:35:13.985319", "raw_data": {"timestamp": "2025-12-05T11:35:13.985319", "action": "ALLOW", "src_ip": "172.16.1.168", "dst_ip": "192.168.1.30", "src_port": 25779, "dst_port": 3389, "protocol": "TCP", "bytes": 473}}
{"source": "antivirus", "timestamp": "2025-12-05T11:35:16.446493", "raw_data": {"timestamp": "2025-12-05T11:35:16.446493", "event_type": "SCAN_COMPLETE", "computer": "SRV-DC-01", "product": "SUSDR360-AV", "files_scanned": 5000, "threats_found": 5}}
{"source": "windows_security", "timestamp": "2025-12-05T11:35:17.344111", "raw_data": {"EventID": 4625, "Computer": "SRV-DB-01", "TimeGenerated": "2025-12-05T11:35:17.344111", "Level": "Error", "Source": "Microsoft-Windows-Security-Auditing", "LogonType": 3, "TargetUserName": "admin", "IpAddress": "172.16.1.72"}}
{"source": "windows_security", "timestamp": "2025-12-05T11:35:18.184663", "raw_data": {"EventID": 4688, "Computer": "SRV-WEB-01", "TimeGenerated": "2025-12-05T11:35:18.184663", "Level": "Information", "Source": "Microsoft-Windows-Security-Auditing", "ProcessName": "cmd.exe", "CommandLine": "C:\\Windows\\System32\\cmd.exe"}}
{"source": "antivirus", "timestamp": "2025-12-05T11:35:19.776553", "raw_data": {"timestamp": "2025-12-05T11:35:19.776553", "event_type": "THREAT_DETECTED", "computer": "SRV-DB-01", "product": "SUSDR360-AV", "threat_name": "Adware.Generic", "file_path": "C:\\Users\\marie\\Downloads\\suspicious_file.exe", "action": "BLOCK"}}
{"source": "windows_security", "timestamp": "2025-12-05T11:35:21.363447", "raw_data": {"EventID": 4688, "Computer": "SRV-DB-01", "TimeGenerated": "2025-12-05T11:35:21.363447", "Level": "Error", "Source": "Microsoft-Windows-Security-Auditing", "ProcessName": "chrome.exe", "CommandLine": "C:\\Windows\\System32\\chrome.exe"}}
{"source": "windows_security", "timestamp": "2025-12-05T11:35:24.211146", "raw_data": {"EventID": 4688, "Computer": "SRV-WEB-01", "TimeGenerated": "2025-12-05T11:35:24.211146", "Level": "Error", "Source": "Microsoft-Windows-Security-Auditing", "ProcessName": "cmd.exe", "CommandLine": "C:\\Windows\\System32\\cmd.exe"}}
{"source": "windows_security", "timestamp": "2025-12-05T11:35:27.041716", "raw_data": {"EventID": 4624, "Computer": "SRV-DC-01", "TimeGenerated": "2025-12-05T11:35:27.041716", "Level": "Warning", "Source": "Microsoft-Windows-Security-Auditing", "LogonType": 2, "TargetUserName": "marie.kouame", "IpAddress": "172.16.1.28"}}
{"source": "antivirus", "timestamp": "2025-12-05T11:35:29.839978", "raw_data": {"timestamp": "2025-12-05T11:35:29.839978", "event_type": "SCAN_COMPLETE", "computer": "SRV-DC-01", "product": "SUSDR360-AV", "files_scanned": 5000, "threats_found": 2}}
{"source": "windows_security", "timestamp": "2025-12-05T11:35:32.101072", "raw_data": {"EventID": 4625, "Computer": "WS-ADMIN-01", "TimeGenerated": "2025-12-05T11:35:32.101072", "Level": "Warning", "Source": "Microsoft-Windows-Security-Auditing", "LogonType": 2, "TargetUserName": "administrator", "IpAddress": "192.168.1.231"}}
