{"source": "antivirus", "timestamp": "2025-12-05T11:33:42.739388", "raw_data": {"timestamp": "2025-12-05T11:33:42.739388", "event_type": "THREAT_DETECTED", "computer": "SRV-WEB-01", "product": "SUSDR360-AV", "threat_name": "Adware.Generic", "file_path": "C:\\Users\\admin\\Downloads\\suspicious_file.exe", "action": "QUARANTINE"}}
{"source": "antivirus", "timestamp": "2025-12-05T11:33:42.739416", "raw_data": {"timestamp": "2025-12-05T11:33:42.739416", "event_type": "THREAT_DETECTED", "computer": "WS-ADMIN-01", "product": "SUSDR360-AV", "threat_name": "Adware.Generic", "file_path": "C:\\Users\\admin\\Downloads\\suspicious_file.exe", "action": "DELETE"}}
{"source": "antivirus", "timestamp": "2025-12-05T11:33:42.739421", "raw_data": {"timestamp": "2025-12-05T11:33:42.739421", "event_type": "SCAN_COMPLETE", "computer": "SRV-DB-01", "product": "SUSDR360-AV", "files_scanned": 5000, "threats_found": 2}}
{"source": "firewall", "timestamp": "2025-12-05T11:33:42.739427", "raw_data": {"timestamp": "2025-12-05T11:33:42.739427", "action": "BLOCK", "src_ip": "172.16.1.104", "dst_ip": "192.168.1.254", "src_port": 15861, "dst_port": 1433, "protocol": "UDP", "bytes": 525}}
{"source": "windows_security", "timestamp": "2025-12-05T11:33:42.739439", "raw_data": {"EventID": 4625, "Computer": "WS-ADMIN-01", "TimeGenerated": "2025-12-05T11:33:42.739439", "Level": "Warning", "Source": "Microsoft-Windows-Security-Auditing", "LogonType": 3, "TargetUserName": "administrator", "IpAddress": "192.168.1.148"}}
{"source": "windows_security", "timestamp": "2025-12-05T11:33:42.739444", "raw_data": {"EventID": 4625, "Computer": "WS-FINANCE-03", "TimeGenerated": "2025-12-05T11:33:42.739444", "Level": "Error", "Source": "Microsoft-Windows-Security-Auditing", "LogonType": 2, "TargetUserName": "admin", "IpAddress": "172.16.1.136"}}
{"source": "firewall", "timestamp": "2025-12-05T11:33:42.739448", "raw_data": {"timestamp": "2025-12-05T11:33:42.739448", "action": "ALLOW", "src_ip": "172.16.1.182", "dst_ip": "10.0.0.220", "src_port": 50306, "dst_port": 80, "protocol": "UDP", "bytes": 425}}
{"source": "windows_security", "timestamp": "2025-12-05T11:33:42.739454", "raw_data": {"EventID": 4625, "Computer": "WS-ADMIN-01", "TimeGenerated": "2025-12-05T11:33:42.739454", "Level": "Warning", "Source": "Microsoft-Windows-Security-Auditing", "LogonType": 2, "TargetUserName": "admin", "IpAddress": "10.0.0.84"}}
{"source": "firewall", "timestamp": "2025-12-05T11:33:42.739458", "raw_data": {"timestamp": "2025-12-05T11:33:42.739458", "action": "BLOCK", "src_ip": "172.16.1.212", "dst_ip": "192.168.1.51", "src_port": 62640, "dst_port": 139, "protocol": "TCP", "bytes": 708}}
{"source": "windows_security", "timestamp": "2025-12-05T11:33:42.739465", "raw_data": {"EventID": 4624, "Computer": "WS-FINANCE-03", "TimeGenerated": "2025-12-05T11:33:42.739465", "Level": "Information", "Source": "Microsoft-Windows-Security-Auditing", "LogonType": 3, "TargetUserName": "marie.kouame", "IpAddress": "192.168.1.147"}}
{"source": "windows_security", "timestamp": "2025-12-05T11:33:42.739470", "raw_data": {"EventID": 4625, "Computer": "SRV-DC-01", "LogonType": 3, "TargetUserName": "admin", "IpAddress": "192.168.1.248", "FailureReason": "Bad password", "TimeGenerated": "2025-12-05T11:33:42.739477"}}
{"source": "windows_security", "timestamp": "2025-12-05T11:33:52.739479", "raw_data": {"EventID": 4625, "Computer": "SRV-DC-01", "LogonType": 3, "TargetUserName": "admin", "IpAddress": "192.168.1.248", "FailureReason": "Bad password", "TimeGenerated": "2025-12-05T11:33:52.739481"}}
{"source": "windows_security", "timestamp": "2025-12-05T11:34:02.739483", "raw_data": {"EventID": 4625, "Computer": "SRV-DC-01", "LogonType": 3, "TargetUserName": "admin", "IpAddress": "192.168.1.248", "FailureReason": "Bad password", "TimeGenerated": "2025-12-05T11:34:02.739484"}}
{"source": "windows_security", "timestamp": "2025-12-05T11:34:12.739486", "raw_data": {"EventID": 4625, "Computer": "SRV-DC-01", "LogonType": 3, "TargetUserName": "admin", "IpAddress": "192.168.1.248", "FailureReason": "Bad password", "TimeGenerated": "2025-12-05T11:34:12.739487"}}
{"source": "windows_security", "timestamp": "2025-12-05T11:34:22.739488", "raw_data": {"EventID": 4625, "Computer": "SRV-DC-01", "LogonType": 3, "TargetUserName": "admin", "IpAddress": "192.168.1.248", "FailureReason": "Bad password", "TimeGenerated": "2025-12-05T11:34:22.739489"}}
